# JRE version: OpenJDK Runtime Environment Temurin-17.0.8.1+1 (17.0.8.1+1) (build 17.0.8.1+1)
# Java VM: OpenJDK 64-Bit Server VM Temurin-17.0.8.1+1 (17.0.8.1+1, mixed mode, tiered, compressed oops, compressed class ptrs, parallel gc, windows-amd64)
GC Precious Log:
 CPUs: 16 total, 16 available
 Memory: 15766M
 Large Page Support: Disabled
 NUMA Support: Disabled
 Compressed Oops: Enabled (32-bit)
 Alignments: Space 512K, Generation 512K, Heap 2M
 Heap Min Capacity: 100M
 Heap Initial Capacity: 100M
 Heap Max Capacity: 1G
 Pre-touch: Disabled
 Parallel Workers: 13
Heap:
 PSYoungGen      total 21504K, used 6430K [0x00000000eab00000, 0x00000000ec380000, 0x0000000100000000)
  eden space 17920K, 18% used [0x00000000eab00000,0x00000000eae383e8,0x00000000ebc80000)
  from space 3584K, 87% used [0x00000000ebc80000,0x00000000ebf8f500,0x00000000ec000000)
  to   space 3584K, 0% used [0x00000000ec000000,0x00000000ec000000,0x00000000ec380000)
 ParOldGen       total 68608K, used 45194K [0x00000000c0000000, 0x00000000c4300000, 0x00000000eab00000)
  object space 68608K, 65% used [0x00000000c0000000,0x00000000c2c22a48,0x00000000c4300000)
 Metaspace       used 58251K, committed 59328K, reserved 1114112K
  class space    used 6270K, committed 6784K, reserved 1048576K
GC Heap History (20 events):
Event: 4.203 GC heap before
{Heap before GC invocations=23 (full 2):
 PSYoungGen      total 24064K, used 23680K [0x00000000eab00000, 0x00000000ec580000, 0x0000000100000000)
  eden space 21504K, 100% used [0x00000000eab00000,0x00000000ec000000,0x00000000ec000000)
  from space 2560K, 85% used [0x00000000ec300000,0x00000000ec520000,0x00000000ec580000)
  to   space 2560K, 0% used [0x00000000ec000000,0x00000000ec000000,0x00000000ec280000)
 ParOldGen       total 68608K, used 25096K [0x00000000c0000000, 0x00000000c4300000, 0x00000000eab00000)
  object space 68608K, 36% used [0x00000000c0000000,0x00000000c18822d8,0x00000000c4300000)
 Metaspace       used 52083K, committed 53120K, reserved 1114112K
  class space    used 5600K, committed 6080K, reserved 1048576K
}
Event: 4.205 GC heap after
{Heap after GC invocations=23 (full 2):
 PSYoungGen      total 24064K, used 2304K [0x00000000eab00000, 0x00000000ec500000, 0x0000000100000000)
  eden space 21504K, 0% used [0x00000000eab00000,0x00000000eab00000,0x00000000ec000000)
  from space 2560K, 90% used [0x00000000ec000000,0x00000000ec240010,0x00000000ec280000)
  to   space 2560K, 0% used [0x00000000ec280000,0x00000000ec280000,0x00000000ec500000)
 ParOldGen       total 68608K, used 27064K [0x00000000c0000000, 0x00000000c4300000, 0x00000000eab00000)
  object space 68608K, 39% used [0x00000000c0000000,0x00000000c1a6e2d8,0x00000000c4300000)
 Metaspace       used 52083K, committed 53120K, reserved 1114112K
  class space    used 5600K, committed 6080K, reserved 1048576K
}
Event: 4.243 GC heap before
{Heap before GC invocations=24 (full 2):
 PSYoungGen      total 24064K, used 23808K [0x00000000eab00000, 0x00000000ec500000, 0x0000000100000000)
  eden space 21504K, 100% used [0x00000000eab00000,0x00000000ec000000,0x00000000ec000000)
  from space 2560K, 90% used [0x00000000ec000000,0x00000000ec240010,0x00000000ec280000)
  to   space 2560K, 0% used [0x00000000ec280000,0x00000000ec280000,0x00000000ec500000)
 ParOldGen       total 68608K, used 27064K [0x00000000c0000000, 0x00000000c4300000, 0x00000000eab00000)
  object space 68608K, 39% used [0x00000000c0000000,0x00000000c1a6e2d8,0x00000000c4300000)
 Metaspace       used 52098K, committed 53120K, reserved 1114112K
  class space    used 5600K, committed 6080K, reserved 1048576K
}
Event: 4.246 GC heap after
{Heap after GC invocations=24 (full 2):
 PSYoungGen      total 24064K, used 2016K [0x00000000eab00000, 0x00000000ec500000, 0x0000000100000000)
  eden space 21504K, 0% used [0x00000000eab00000,0x00000000eab00000,0x00000000ec000000)
  from space 2560K, 78% used [0x00000000ec280000,0x00000000ec478000,0x00000000ec500000)
  to   space 2560K, 0% used [0x00000000ec000000,0x00000000ec000000,0x00000000ec280000)
 ParOldGen       total 68608K, used 29176K [0x00000000c0000000, 0x00000000c4300000, 0x00000000eab00000)
  object space 68608K, 42% used [0x00000000c0000000,0x00000000c1c7e2e8,0x00000000c4300000)
 Metaspace       used 52098K, committed 53120K, reserved 1114112K
  class space    used 5600K, committed 6080K, reserved 1048576K
}
Event: 4.285 GC heap before
{Heap before GC invocations=25 (full 2):
 PSYoungGen      total 24064K, used 23520K [0x00000000eab00000, 0x00000000ec500000, 0x0000000100000000)
  eden space 21504K, 100% used [0x00000000eab00000,0x00000000ec000000,0x00000000ec000000)
  from space 2560K, 78% used [0x00000000ec280000,0x00000000ec478000,0x00000000ec500000)
  to   space 2560K, 0% used [0x00000000ec000000,0x00000000ec000000,0x00000000ec280000)
 ParOldGen       total 68608K, used 29176K [0x00000000c0000000, 0x00000000c4300000, 0x00000000eab00000)
  object space 68608K, 42% used [0x00000000c0000000,0x00000000c1c7e2e8,0x00000000c4300000)
 Metaspace       used 52177K, committed 53184K, reserved 1114112K
  class space    used 5611K, committed 6080K, reserved 1048576K
}
Event: 4.288 GC heap after
{Heap after GC invocations=25 (full 2):
 PSYoungGen      total 24064K, used 2528K [0x00000000eab00000, 0x00000000eca00000, 0x0000000100000000)
  eden space 21504K, 0% used [0x00000000eab00000,0x00000000eab00000,0x00000000ec000000)
  from space 2560K, 98% used [0x00000000ec000000,0x00000000ec278010,0x00000000ec280000)
  to   space 5120K, 0% used [0x00000000ec500000,0x00000000ec500000,0x00000000eca00000)
 ParOldGen       total 68608K, used 31082K [0x00000000c0000000, 0x00000000c4300000, 0x00000000eab00000)
  object space 68608K, 45% used [0x00000000c0000000,0x00000000c1e5aab0,0x00000000c4300000)
 Metaspace       used 52177K, committed 53184K, reserved 1114112K
  class space    used 5611K, committed 6080K, reserved 1048576K
}
Event: 4.318 GC heap before
{Heap before GC invocations=26 (full 2):
 PSYoungGen      total 24064K, used 24032K [0x00000000eab00000, 0x00000000eca00000, 0x0000000100000000)
  eden space 21504K, 100% used [0x00000000eab00000,0x00000000ec000000,0x00000000ec000000)
  from space 2560K, 98% used [0x00000000ec000000,0x00000000ec278010,0x00000000ec280000)
  to   space 5120K, 0% used [0x00000000ec500000,0x00000000ec500000,0x00000000eca00000)
 ParOldGen       total 68608K, used 31082K [0x00000000c0000000, 0x00000000c4300000, 0x00000000eab00000)
  object space 68608K, 45% used [0x00000000c0000000,0x00000000c1e5aab0,0x00000000c4300000)
 Metaspace       used 52177K, committed 53184K, reserved 1114112K
  class space    used 5611K, committed 6080K, reserved 1048576K
}
Event: 4.321 GC heap after
{Heap after GC invocations=26 (full 2):
 PSYoungGen      total 24064K, used 2368K [0x00000000eab00000, 0x00000000ec780000, 0x0000000100000000)
  eden space 21504K, 0% used [0x00000000eab00000,0x00000000eab00000,0x00000000ec000000)
  from space 2560K, 92% used [0x00000000ec500000,0x00000000ec750000,0x00000000ec780000)
  to   space 3584K, 0% used [0x00000000ec080000,0x00000000ec080000,0x00000000ec400000)
 ParOldGen       total 68608K, used 33530K [0x00000000c0000000, 0x00000000c4300000, 0x00000000eab00000)
  object space 68608K, 48% used [0x00000000c0000000,0x00000000c20be920,0x00000000c4300000)
 Metaspace       used 52177K, committed 53184K, reserved 1114112K
  class space    used 5611K, committed 6080K, reserved 1048576K
}
Event: 4.349 GC heap before
{Heap before GC invocations=27 (full 2):
 PSYoungGen      total 24064K, used 23872K [0x00000000eab00000, 0x00000000ec780000, 0x0000000100000000)
  eden space 21504K, 100% used [0x00000000eab00000,0x00000000ec000000,0x00000000ec000000)
  from space 2560K, 92% used [0x00000000ec500000,0x00000000ec750000,0x00000000ec780000)
  to   space 3584K, 0% used [0x00000000ec080000,0x00000000ec080000,0x00000000ec400000)
 ParOldGen       total 68608K, used 33530K [0x00000000c0000000, 0x00000000c4300000, 0x00000000eab00000)
  object space 68608K, 48% used [0x00000000c0000000,0x00000000c20be920,0x00000000c4300000)
 Metaspace       used 52177K, committed 53184K, reserved 1114112K
  class space    used 5611K, committed 6080K, reserved 1048576K
}
Event: 4.352 GC heap after
{Heap after GC invocations=27 (full 2):
 PSYoungGen      total 24064K, used 2272K [0x00000000eab00000, 0x00000000ec580000, 0x0000000100000000)
  eden space 21504K, 0% used [0x00000000eab00000,0x00000000eab00000,0x00000000ec000000)
  from space 2560K, 88% used [0x00000000ec080000,0x00000000ec2b8000,0x00000000ec300000)
  to   space 2560K, 0% used [0x00000000ec300000,0x00000000ec300000,0x00000000ec580000)
 ParOldGen       total 68608K, used 35762K [0x00000000c0000000, 0x00000000c4300000, 0x00000000eab00000)
  object space 68608K, 52% used [0x00000000c0000000,0x00000000c22ec920,0x00000000c4300000)
 Metaspace       used 52177K, committed 53184K, reserved 1114112K
  class space    used 5611K, committed 6080K, reserved 1048576K
}
Event: 4.656 GC heap before
{Heap before GC invocations=28 (full 2):
 PSYoungGen      total 24064K, used 23775K [0x00000000eab00000, 0x00000000ec580000, 0x0000000100000000)
  eden space 21504K, 99% used [0x00000000eab00000,0x00000000ebffffe8,0x00000000ec000000)
  from space 2560K, 88% used [0x00000000ec080000,0x00000000ec2b8000,0x00000000ec300000)
  to   space 2560K, 0% used [0x00000000ec300000,0x00000000ec300000,0x00000000ec580000)
 ParOldGen       total 68608K, used 35762K [0x00000000c0000000, 0x00000000c4300000, 0x00000000eab00000)
  object space 68608K, 52% used [0x00000000c0000000,0x00000000c22ec920,0x00000000c4300000)
 Metaspace       used 53214K, committed 54208K, reserved 1114112K
  class space    used 5723K, committed 6208K, reserved 1048576K
}
Event: 4.659 GC heap after
{Heap after GC invocations=28 (full 2):
 PSYoungGen      total 22016K, used 2551K [0x00000000eab00000, 0x00000000eca00000, 0x0000000100000000)
  eden space 19456K, 0% used [0x00000000eab00000,0x00000000eab00000,0x00000000ebe00000)
  from space 2560K, 99% used [0x00000000ec300000,0x00000000ec57dfc8,0x00000000ec580000)
  to   space 5120K, 0% used [0x00000000ebe00000,0x00000000ebe00000,0x00000000ec300000)
 ParOldGen       total 68608K, used 37826K [0x00000000c0000000, 0x00000000c4300000, 0x00000000eab00000)
  object space 68608K, 55% used [0x00000000c0000000,0x00000000c24f0920,0x00000000c4300000)
 Metaspace       used 53214K, committed 54208K, reserved 1114112K
  class space    used 5723K, committed 6208K, reserved 1048576K
}
Event: 4.726 GC heap before
{Heap before GC invocations=29 (full 2):
 PSYoungGen      total 22016K, used 22007K [0x00000000eab00000, 0x00000000eca00000, 0x0000000100000000)
  eden space 19456K, 100% used [0x00000000eab00000,0x00000000ebe00000,0x00000000ebe00000)
  from space 2560K, 99% used [0x00000000ec300000,0x00000000ec57dfc8,0x00000000ec580000)
  to   space 5120K, 0% used [0x00000000ebe00000,0x00000000ebe00000,0x00000000ec300000)
 ParOldGen       total 68608K, used 37826K [0x00000000c0000000, 0x00000000c4300000, 0x00000000eab00000)
  object space 68608K, 55% used [0x00000000c0000000,0x00000000c24f0920,0x00000000c4300000)
 Metaspace       used 53555K, committed 54528K, reserved 1114112K
  class space    used 5759K, committed 6208K, reserved 1048576K
}
Event: 4.729 GC heap after
{Heap after GC invocations=29 (full 2):
 PSYoungGen      total 20992K, used 1152K [0x00000000eab00000, 0x00000000ec380000, 0x0000000100000000)
  eden space 19456K, 0% used [0x00000000eab00000,0x00000000eab00000,0x00000000ebe00000)
  from space 1536K, 75% used [0x00000000ebe00000,0x00000000ebf20000,0x00000000ebf80000)
  to   space 2560K, 0% used [0x00000000ec100000,0x00000000ec100000,0x00000000ec380000)
 ParOldGen       total 68608K, used 40178K [0x00000000c0000000, 0x00000000c4300000, 0x00000000eab00000)
  object space 68608K, 58% used [0x00000000c0000000,0x00000000c273c908,0x00000000c4300000)
 Metaspace       used 53555K, committed 54528K, reserved 1114112K
  class space    used 5759K, committed 6208K, reserved 1048576K
}
Event: 4.968 GC heap before
{Heap before GC invocations=30 (full 2):
 PSYoungGen      total 20992K, used 20608K [0x00000000eab00000, 0x00000000ec380000, 0x0000000100000000)
  eden space 19456K, 100% used [0x00000000eab00000,0x00000000ebe00000,0x00000000ebe00000)
  from space 1536K, 75% used [0x00000000ebe00000,0x00000000ebf20000,0x00000000ebf80000)
  to   space 2560K, 0% used [0x00000000ec100000,0x00000000ec100000,0x00000000ec380000)
 ParOldGen       total 68608K, used 40178K [0x00000000c0000000, 0x00000000c4300000, 0x00000000eab00000)
  object space 68608K, 58% used [0x00000000c0000000,0x00000000c273c908,0x00000000c4300000)
 Metaspace       used 55379K, committed 56384K, reserved 1114112K
  class space    used 5991K, committed 6464K, reserved 1048576K
}
Event: 4.969 GC heap after
{Heap after GC invocations=30 (full 2):
 PSYoungGen      total 20480K, used 696K [0x00000000eab00000, 0x00000000ec200000, 0x0000000100000000)
  eden space 19456K, 0% used [0x00000000eab00000,0x00000000eab00000,0x00000000ebe00000)
  from space 1024K, 67% used [0x00000000ec100000,0x00000000ec1ae098,0x00000000ec200000)
  to   space 1536K, 0% used [0x00000000ebf00000,0x00000000ebf00000,0x00000000ec080000)
 ParOldGen       total 68608K, used 41226K [0x00000000c0000000, 0x00000000c4300000, 0x00000000eab00000)
  object space 68608K, 60% used [0x00000000c0000000,0x00000000c2842908,0x00000000c4300000)
 Metaspace       used 55379K, committed 56384K, reserved 1114112K
  class space    used 5991K, committed 6464K, reserved 1048576K
}
Event: 5.195 GC heap before
{Heap before GC invocations=31 (full 2):
 PSYoungGen      total 20480K, used 20152K [0x00000000eab00000, 0x00000000ec200000, 0x0000000100000000)
  eden space 19456K, 100% used [0x00000000eab00000,0x00000000ebe00000,0x00000000ebe00000)
  from space 1024K, 67% used [0x00000000ec100000,0x00000000ec1ae098,0x00000000ec200000)
  to   space 1536K, 0% used [0x00000000ebf00000,0x00000000ebf00000,0x00000000ec080000)
 ParOldGen       total 68608K, used 41226K [0x00000000c0000000, 0x00000000c4300000, 0x00000000eab00000)
  object space 68608K, 60% used [0x00000000c0000000,0x00000000c2842908,0x00000000c4300000)
 Metaspace       used 56532K, committed 57600K, reserved 1114112K
  class space    used 6114K, committed 6656K, reserved 1048576K
}
Event: 5.196 GC heap after
{Heap after GC invocations=31 (full 2):
 PSYoungGen      total 20992K, used 1089K [0x00000000eab00000, 0x00000000ec180000, 0x0000000100000000)
  eden space 19456K, 0% used [0x00000000eab00000,0x00000000eab00000,0x00000000ebe00000)
  from space 1536K, 70% used [0x00000000ebf00000,0x00000000ec0105c8,0x00000000ec080000)
  to   space 1024K, 0% used [0x00000000ec080000,0x00000000ec080000,0x00000000ec180000)
 ParOldGen       total 68608K, used 41850K [0x00000000c0000000, 0x00000000c4300000, 0x00000000eab00000)
  object space 68608K, 60% used [0x00000000c0000000,0x00000000c28de868,0x00000000c4300000)
 Metaspace       used 56532K, committed 57600K, reserved 1114112K
  class space    used 6114K, committed 6656K, reserved 1048576K
}
Event: 5.325 GC heap before
{Heap before GC invocations=32 (full 2):
 PSYoungGen      total 20992K, used 20520K [0x00000000eab00000, 0x00000000ec180000, 0x0000000100000000)
  eden space 19456K, 99% used [0x00000000eab00000,0x00000000ebdf9d20,0x00000000ebe00000)
  from space 1536K, 70% used [0x00000000ebf00000,0x00000000ec0105c8,0x00000000ec080000)
  to   space 1024K, 0% used [0x00000000ec080000,0x00000000ec080000,0x00000000ec180000)
 ParOldGen       total 68608K, used 41850K [0x00000000c0000000, 0x00000000c4300000, 0x00000000eab00000)
  object space 68608K, 60% used [0x00000000c0000000,0x00000000c28de868,0x00000000c4300000)
 Metaspace       used 57053K, committed 58112K, reserved 1114112K
  class space    used 6167K, committed 6656K, reserved 1048576K
}
Event: 5.327 GC heap after
{Heap after GC invocations=32 (full 2):
 PSYoungGen      total 18944K, used 994K [0x00000000eab00000, 0x00000000ec600000, 0x0000000100000000)
  eden space 17920K, 0% used [0x00000000eab00000,0x00000000eab00000,0x00000000ebc80000)
  from space 1024K, 97% used [0x00000000ec080000,0x00000000ec1788f0,0x00000000ec180000)
  to   space 4096K, 0% used [0x00000000ebc80000,0x00000000ebc80000,0x00000000ec080000)
 ParOldGen       total 68608K, used 44263K [0x00000000c0000000, 0x00000000c4300000, 0x00000000eab00000)
  object space 68608K, 64% used [0x00000000c0000000,0x00000000c2b39d60,0x00000000c4300000)
 Metaspace       used 57053K, committed 58112K, reserved 1114112K
  class space    used 6167K, committed 6656K, reserved 1048576K
}

